<?xml version="1.0" encoding="UTF-8"?>
<!-- Generated by org.testng.reporters.JUnitReportReporter -->
<testsuite hostname="RithikaRahul" failures="0" tests="4" name="Testpkg.nutritest" time="55.140" errors="0" timestamp="2024-02-08T20:26:49 IST" skipped="0">
  <testcase classname="Testpkg.nutritest" name="test" time="8.541"/>
  <system-out/>
  <testcase classname="Testpkg.nutritest" name="pdt" time="5.730"/>
  <system-out/>
  <testcase classname="Testpkg.nutritest" name="buyNow" time="20.356"/>
  <system-out/>
  <testcase classname="Testpkg.nutritest" name="signout" time="20.513"/>
  <system-out/>
</testsuite> <!-- Testpkg.nutritest -->
